{
  "RSpec": {
    "coverage": {
      "/home/cremz/projects/shop2market_1/crawler.rb": [
        null,
        1,
        1,
        null,
        1,
        8,
        8,
        null,
        8,
        8,
        null,
        null,
        1,
        1,
        null,
        1,
        1,
        1,
        null,
        1,
        null,
        null,
        1,
        1,
        1,
        null,
        null,
        1,
        39,
        639,
        32,
        null,
        39,
        null,
        1,
        null,
        1,
        1,
        1,
        null,
        null,
        null,
        1,
        4,
        null,
        null,
        1,
        null,
        1,
        null,
        4,
        null,
        null,
        null,
        null,
        1,
        6,
        null,
        null
      ]
    },
    "timestamp": 1439488481
  }
}
